<?xml version="1.0" encoding="UTF-8"?>
<!-- Generated by org.testng.reporters.JUnitXMLReporter -->
<testsuite hostname="JKMM122877.local" name="Photon_Application" tests="1" failures="1" timestamp="10 Nov 2021 11:35:08 GMT" time="132.317" errors="0">
  <testcase name="feature" time="131.778" classname="com.photon.runner.ExtentReportRunner">
    <failure type="cucumber.runtime.CucumberException" message="java.lang.Exception: Verifikasi Login pop up is displayed: False">
      <![CDATA[cucumber.runtime.CucumberException: java.lang.Exception: Verifikasi Login pop up is displayed: False
	at cucumber.api.testng.TestNGCucumberRunner.runCucumber(TestNGCucumberRunner.java:69)
	at cucumber.api.testng.AbstractTestNGCucumberTests.feature(AbstractTestNGCucumberTests.java:21)
Caused by: java.lang.Exception: Verifikasi Login pop up is displayed: False
	at com.photon.library.CommonLibrary.Assert(CommonLibrary.java:194)
	at stepDefinition.TestStepDef.system_should_displayed_Verifikasi_Login_pop_up(TestStepDef.java:72)
	at ✽.And System should displayed Verifikasi Login pop up(Sprint 1/Login.feature:12)
... Removed 28 stack frames]]>
    </failure>
  </testcase> <!-- feature -->
</testsuite> <!-- Photon_Application -->
