<?xml version="1.0" encoding="UTF-8"?>
<testsuite xmlns:xsi="http://www.w3.org/2001/XMLSchema-instance" xsi:schemaLocation="https://maven.apache.org/surefire/maven-surefire-plugin/xsd/surefire-test-report.xsd" name="TestSuite" time="132.716" tests="1" errors="0" skipped="0" failures="1">
  <properties>
[...]
</properties>
  <testcase name="feature" classname="com.photon.runner.ExtentReportRunner" time="131.781">
    <failure message="java.lang.Exception: Verifikasi Login pop up is displayed: False" type="cucumber.runtime.CucumberException">cucumber.runtime.CucumberException: java.lang.Exception: Verifikasi Login pop up is displayed: False
Caused by: java.lang.Exception: Verifikasi Login pop up is displayed: False
</failure>
    <system-out><![CDATA[[TestNGContentHandler] [WARN] It is strongly recommended to add "<!DOCTYPE suite SYSTEM "http://testng.org/testng-1.0.dtd" >" at the top of your file, otherwise TestNG may fail or not work as expected.
[TestNGContentHandler] [WARN] It is strongly recommended to add "<!DOCTYPE suite SYSTEM "http://testng.org/testng-1.0.dtd" >" at the top of your file, otherwise TestNG may fail or not work as expected.
/Users/reza_s/Test/CSVFile/AppiumReport_10-11-2021-06-33-06.csv/Users/reza_s/Test/CSVFile/AppiumReport_10-11-2021-06-33-06.csv
Landing page is displayed
Login page is displayed
User entered Phone number
]]></system-out>
    <system-err><![CDATA[[main] INFO org.apache.commons.configuration.ConfigurationFactory - Trying to load configuration application.properties
Starting ChromeDriver 94.0.4606.61 (418b78f5838ed0b1c69bb4e51ea0252171854915-refs/branch-heads/4606@{#1204}) on port 38265
Only local connections are allowed.
Please see https://chromedriver.chromium.org/security-considerations for suggestions on keeping ChromeDriver safe.
[1636543977.152][WARNING]: FromSockAddr failed on netmask
ChromeDriver was started successfully.
[1636543977.869][WARNING]: This version of ChromeDriver has not been tested with Chrome version 95.
]]></system-err>
  </testcase>
</testsuite>